*** Using Compiler 'V5.06 update 7 (build 960)', folder: 'E:\Explore\Keil5\ARM\ARMCC\Bin'
Build target 'Led'
compiling bsp_exti.c...
compiling main.c...
..\..\User\Show\Show.h(18): warning:  #1295-D: Deprecated declaration Display_HELP - give arg types
  void Display_HELP();			//display the word of help
..\..\User\Show\Show.h(44): warning:  #1-D: last line of file ends without a newline
  #endif /* __LED_H */
..\..\User\main.c(14): warning:  #223-D: function "GENERAL_TIM_Init" declared implicitly
  	GENERAL_TIM_Init();		//定时器初始化
..\..\User\main.c: 3 warnings, 0 errors
compiling stm32f10x_it.c...
..\..\User\Show\Show.h(18): warning:  #1295-D: Deprecated declaration Display_HELP - give arg types
  void Display_HELP();			//display the word of help
..\..\User\Show\Show.h(44): warning:  #1-D: last line of file ends without a newline
  #endif /* __LED_H */
..\..\User\stm32f10x_it.c(154): warning:  #177-D: variable "temp"  was declared but never referenced
    int temp = 1;
..\..\User\stm32f10x_it.c: 3 warnings, 0 errors
linking...
Program Size: Code=7748 RO-data=336 RW-data=44 ZI-data=1028  
FromELF: creating hex file...
"..\..\Output\led.axf" - 0 Error(s), 6 Warning(s).
Build Time Elapsed:  00:00:02
